<?xml version="1.0" encoding="UTF-8"?>
<!-- Generated by org.testng.reporters.JUnitXMLReporter -->
<testsuite ignored="0" hostname="Mac101.local" failures="0" tests="4" name="Smoke" time="0.961" errors="0" timestamp="2022-02-16T01:01:56 IST">
  <testcase classname="tests.baseTest" name="@BeforeMethod beforeMethod" time="0.822">
    <failure type="java.lang.NoClassDefFoundError" message="com/google/gson/JsonParseException">
      <![CDATA[java.lang.NoClassDefFoundError: com/google/gson/JsonParseException
at org.openqa.selenium.logging.profiler.HttpProfilerLogEntry.constructMessage(HttpProfilerLogEntry.java:37)
at org.openqa.selenium.logging.profiler.HttpProfilerLogEntry.<init>(HttpProfilerLogEntry.java:29)
at org.openqa.selenium.remote.HttpCommandExecutor.execute(HttpCommandExecutor.java:137)
at org.openqa.selenium.remote.service.DriverCommandExecutor.execute(DriverCommandExecutor.java:83)
at org.openqa.selenium.remote.RemoteWebDriver.execute(RemoteWebDriver.java:601)
at org.openqa.selenium.remote.RemoteWebDriver.startSession(RemoteWebDriver.java:219)
at org.openqa.selenium.remote.RemoteWebDriver.<init>(RemoteWebDriver.java:142)
at org.openqa.selenium.chrome.ChromeDriver.<init>(ChromeDriver.java:181)
at org.openqa.selenium.chrome.ChromeDriver.<init>(ChromeDriver.java:168)
at org.openqa.selenium.chrome.ChromeDriver.<init>(ChromeDriver.java:123)
at tests.baseTest.setupDriver(baseTest.java:42)
at tests.baseTest.beforeMethod(baseTest.java:25)
at java.base/java.util.ArrayList.forEach(ArrayList.java:1511)
Caused by: java.lang.ClassNotFoundException: com.google.gson.JsonParseException
at java.base/jdk.internal.loader.BuiltinClassLoader.loadClass(BuiltinClassLoader.java:606)
at java.base/jdk.internal.loader.ClassLoaders$AppClassLoader.loadClass(ClassLoaders.java:168)
at java.base/java.lang.ClassLoader.loadClass(ClassLoader.java:522)
... 44 more
... Removed 31 stack frames]]>
    </failure>
  </testcase> <!-- @BeforeMethod beforeMethod -->
  <testcase classname="tests.baseTest" name="@AfterMethod afterMethod" time="-1.644953516527E9">
    <skipped/>
  </testcase> <!-- @AfterMethod afterMethod -->
  <testcase classname="tests.baseTest" name="@BeforeMethod beforeMethod" time="-1.644953516532E9">
    <skipped/>
  </testcase> <!-- @BeforeMethod beforeMethod -->
  <testcase classname="tests.baseTest" name="@AfterMethod afterMethod" time="-1.644953516543E9">
    <skipped/>
  </testcase> <!-- @AfterMethod afterMethod -->
  <testcase classname="tests.baseTest" name="@BeforeMethod beforeMethod" time="-1.644953516546E9">
    <skipped/>
  </testcase> <!-- @BeforeMethod beforeMethod -->
  <testcase classname="tests.baseTest" name="@AfterMethod afterMethod" time="-1.644953516558E9">
    <skipped/>
  </testcase> <!-- @AfterMethod afterMethod -->
  <testcase classname="tests.baseTest" name="@BeforeMethod beforeMethod" time="-1.644953516564E9">
    <skipped/>
  </testcase> <!-- @BeforeMethod beforeMethod -->
  <testcase classname="tests.baseTest" name="@AfterMethod afterMethod" time="-1.644953516572E9">
    <skipped/>
  </testcase> <!-- @AfterMethod afterMethod -->
  <testcase classname="tests.ApplicationTest" name="loginIntoApplication" time="0.0">
    <skipped/>
  </testcase> <!-- loginIntoApplication -->
  <testcase classname="tests.ApplicationTest" name="inventoryFeatureTest" time="0.0">
    <skipped/>
  </testcase> <!-- inventoryFeatureTest -->
  <testcase classname="tests.ApplicationTest" name="manufacturingFeatureTest" time="0.0">
    <skipped/>
  </testcase> <!-- manufacturingFeatureTest -->
  <testcase classname="tests.ApplicationTest" name="assertValidation" time="0.0">
    <skipped/>
  </testcase> <!-- assertValidation -->
</testsuite> <!-- Smoke -->
